This is pdfTeX, Version 3.14159265-2.6-1.40.21 (MiKTeX 20.6.29) (preloaded format=pdflatex 2020.7.24)  4 DEC 2022 16:38
entering extended mode
**./Redistricting.tex
(Redistricting.tex
LaTeX2e <2020-02-02> patch level 5
L3 programming layer <2020-06-18> ("D:\Program Files (x86)\LateX\tex/latex/beam
er\beamer.cls"
Document Class: beamer 2022/09/13 v3.68 A class for typesetting presentations
("D:\Program Files (x86)\LateX\tex/latex/beamer\beamerbasemodes.sty" ("D:\Progr
am Files (x86)\LateX\tex/latex/etoolbox\etoolbox.sty"
Package: etoolbox 2019/09/21 v2.5h e-TeX tools for LaTeX (JAW)
\etb@tempcnta=\count167
)
\beamer@tempbox=\box45
\beamer@tempcount=\count168
\c@beamerpauses=\count169
("D:\Program Files (x86)\LateX\tex/latex/beamer\beamerbasedecode.sty"
\beamer@slideinframe=\count170
\beamer@minimum=\count171
\beamer@decode@box=\box46
)
\beamer@commentbox=\box47
\beamer@modecount=\count172
) ("D:\Program Files (x86)\LateX\tex/generic/iftex\iftex.sty"
Package: iftex 2020/03/06 v1.0d TeX engine tests
)
\headdp=\dimen134
\footheight=\dimen135
\sidebarheight=\dimen136
\beamer@tempdim=\dimen137
\beamer@finalheight=\dimen138
\beamer@animht=\dimen139
\beamer@animdp=\dimen140
\beamer@animwd=\dimen141
\beamer@leftmargin=\dimen142
\beamer@rightmargin=\dimen143
\beamer@leftsidebar=\dimen144
\beamer@rightsidebar=\dimen145
\beamer@boxsize=\dimen146
\beamer@vboxoffset=\dimen147
\beamer@descdefault=\dimen148
\beamer@descriptionwidth=\dimen149
\beamer@lastskip=\skip47
\beamer@areabox=\box48
\beamer@animcurrent=\box49
\beamer@animshowbox=\box50
\beamer@sectionbox=\box51
\beamer@logobox=\box52
\beamer@linebox=\box53
\beamer@sectioncount=\count173
\beamer@subsubsectionmax=\count174
\beamer@subsectionmax=\count175
\beamer@sectionmax=\count176
\beamer@totalheads=\count177
\beamer@headcounter=\count178
\beamer@partstartpage=\count179
\beamer@sectionstartpage=\count180
\beamer@subsectionstartpage=\count181
\beamer@animationtempa=\count182
\beamer@animationtempb=\count183
\beamer@xpos=\count184
\beamer@ypos=\count185
\beamer@ypos@offset=\count186
\beamer@showpartnumber=\count187
\beamer@currentsubsection=\count188
\beamer@coveringdepth=\count189
\beamer@sectionadjust=\count190
\beamer@toclastsection=\count191
\beamer@tocsectionnumber=\count192
("D:\Program Files (x86)\LateX\tex/latex/beamer\beamerbaseoptions.sty" ("D:\Pro
gram Files (x86)\LateX\tex/latex/graphics\keyval.sty"
Package: keyval 2014/10/28 v1.15 key=value parser (DPC)
\KV@toks@=\toks15
))
\beamer@paperwidth=\skip48
\beamer@paperheight=\skip49
("D:\Program Files (x86)\LateX\tex/latex/geometry\geometry.sty"
Package: geometry 2020/01/02 v5.9 Page Geometry
("D:\Program Files (x86)\LateX\tex/generic/iftex\ifvtex.sty"
Package: ifvtex 2019/10/25 v1.7 ifvtex legacy package. Use iftex instead.
)
\Gm@cnth=\count193
\Gm@cntv=\count194
\c@Gm@tempcnt=\count195
\Gm@bindingoffset=\dimen150
\Gm@wd@mp=\dimen151
\Gm@odd@mp=\dimen152
\Gm@even@mp=\dimen153
\Gm@layoutwidth=\dimen154
\Gm@layoutheight=\dimen155
\Gm@layouthoffset=\dimen156
\Gm@layoutvoffset=\dimen157
\Gm@dimlist=\toks16
("D:\Program Files (x86)\LateX\tex/latex/geometry\geometry.cfg")) ("D:\Program 
Files (x86)\LateX\tex/latex/pgf/math\pgfmath.sty" ("D:\Program Files (x86)\Late
X\tex/latex/pgf/utilities\pgfrcs.sty" ("D:\Program Files (x86)\LateX\tex/generi
c/pgf/utilities\pgfutil-common.tex"
\pgfutil@everybye=\toks17
\pgfutil@tempdima=\dimen158
\pgfutil@tempdimb=\dimen159

("D:\Program Files (x86)\LateX\tex/generic/pgf/utilities\pgfutil-common-lists.t
ex")) ("D:\Program Files (x86)\LateX\tex/generic/pgf/utilities\pgfutil-latex.de
f"
\pgfutil@abb=\box54
("D:\Program Files (x86)\LateX\tex/latex/ms\everyshi.sty"
Package: everyshi 2001/05/15 v3.00 EveryShipout Package (MS)
)) ("D:\Program Files (x86)\LateX\tex/generic/pgf/utilities\pgfrcs.code.tex" ("
D:\Program Files (x86)\LateX\tex/generic/pgf\pgf.revision.tex")
Package: pgfrcs 2020/01/08 v3.1.5b (3.1.5b)
)) ("D:\Program Files (x86)\LateX\tex/latex/pgf/utilities\pgfkeys.sty" ("D:\Pro
gram Files (x86)\LateX\tex/generic/pgf/utilities\pgfkeys.code.tex"
\pgfkeys@pathtoks=\toks18
\pgfkeys@temptoks=\toks19

("D:\Program Files (x86)\LateX\tex/generic/pgf/utilities\pgfkeysfiltered.code.t
ex"
\pgfkeys@tmptoks=\toks20
))) ("D:\Program Files (x86)\LateX\tex/generic/pgf/math\pgfmath.code.tex" ("D:\
Program Files (x86)\LateX\tex/generic/pgf/math\pgfmathcalc.code.tex" ("D:\Progr
am Files (x86)\LateX\tex/generic/pgf/math\pgfmathutil.code.tex"
\pgf@x=\dimen160
\pgf@xa=\dimen161
\pgf@xb=\dimen162
\pgf@xc=\dimen163
\pgf@y=\dimen164
\pgf@ya=\dimen165
\pgf@yb=\dimen166
\pgf@yc=\dimen167
\c@pgf@counta=\count196
\c@pgf@countb=\count197
\c@pgf@countc=\count198
\c@pgf@countd=\count199
) ("D:\Program Files (x86)\LateX\tex/generic/pgf/math\pgfmathparser.code.tex"
\pgfmath@dimen=\dimen168
\pgfmath@count=\count266
\pgfmath@box=\box55
\pgfmath@toks=\toks21
\pgfmath@stack@operand=\toks22
\pgfmath@stack@operation=\toks23
) ("D:\Program Files (x86)\LateX\tex/generic/pgf/math\pgfmathfunctions.code.tex
"
("D:\Program Files (x86)\LateX\tex/generic/pgf/math\pgfmathfunctions.basic.code
.tex")
("D:\Program Files (x86)\LateX\tex/generic/pgf/math\pgfmathfunctions.trigonomet
ric.code.tex")
("D:\Program Files (x86)\LateX\tex/generic/pgf/math\pgfmathfunctions.random.cod
e.tex")
("D:\Program Files (x86)\LateX\tex/generic/pgf/math\pgfmathfunctions.comparison
.code.tex")
("D:\Program Files (x86)\LateX\tex/generic/pgf/math\pgfmathfunctions.base.code.
tex")
("D:\Program Files (x86)\LateX\tex/generic/pgf/math\pgfmathfunctions.round.code
.tex")
("D:\Program Files (x86)\LateX\tex/generic/pgf/math\pgfmathfunctions.misc.code.
tex")
("D:\Program Files (x86)\LateX\tex/generic/pgf/math\pgfmathfunctions.integerari
thmetics.code.tex"))) ("D:\Program Files (x86)\LateX\tex/generic/pgf/math\pgfma
thfloat.code.tex"
\c@pgfmathroundto@lastzeros=\count267
))) ("D:\Program Files (x86)\LateX\tex/latex/base\size11.clo"
File: size11.clo 2019/12/20 v1.4l Standard LaTeX file (size option)
) ("D:\Program Files (x86)\LateX\tex/latex/pgf/basiclayer\pgfcore.sty" ("D:\Pro
gram Files (x86)\LateX\tex/latex/graphics\graphicx.sty"
Package: graphicx 2019/11/30 v1.2a Enhanced LaTeX Graphics (DPC,SPQR)
("D:\Program Files (x86)\LateX\tex/latex/graphics\graphics.sty"
Package: graphics 2019/11/30 v1.4a Standard LaTeX Graphics (DPC,SPQR)
("D:\Program Files (x86)\LateX\tex/latex/graphics\trig.sty"
Package: trig 2016/01/03 v1.10 sin cos tan (DPC)
) ("D:\Program Files (x86)\LateX\tex/latex/graphics-cfg\graphics.cfg"
File: graphics.cfg 2016/06/04 v1.11 sample graphics configuration
)
Package graphics Info: Driver file: pdftex.def on input line 105.
("D:\Program Files (x86)\LateX\tex/latex/graphics-def\pdftex.def"
File: pdftex.def 2018/01/08 v1.0l Graphics/color driver for pdftex
))
\Gin@req@height=\dimen169
\Gin@req@width=\dimen170
) ("D:\Program Files (x86)\LateX\tex/latex/pgf/systemlayer\pgfsys.sty" ("D:\Pro
gram Files (x86)\LateX\tex/generic/pgf/systemlayer\pgfsys.code.tex"
Package: pgfsys 2020/01/08 v3.1.5b (3.1.5b)
("D:\Program Files (x86)\LateX\tex/generic/pgf/utilities\pgfkeys.code.tex")
\pgf@x=\dimen171
\pgf@y=\dimen172
\pgf@xa=\dimen173
\pgf@ya=\dimen174
\pgf@xb=\dimen175
\pgf@yb=\dimen176
\pgf@xc=\dimen177
\pgf@yc=\dimen178
\pgf@xd=\dimen179
\pgf@yd=\dimen180
\w@pgf@writea=\write3
\r@pgf@reada=\read2
\c@pgf@counta=\count268
\c@pgf@countb=\count269
\c@pgf@countc=\count270
\c@pgf@countd=\count271
\t@pgf@toka=\toks24
\t@pgf@tokb=\toks25
\t@pgf@tokc=\toks26
\pgf@sys@id@count=\count272
("D:\Program Files (x86)\LateX\tex/generic/pgf/systemlayer\pgf.cfg"
File: pgf.cfg 2020/01/08 v3.1.5b (3.1.5b)
)
Driver file for pgf: pgfsys-pdftex.def
("D:\Program Files (x86)\LateX\tex/generic/pgf/systemlayer\pgfsys-pdftex.def"
File: pgfsys-pdftex.def 2020/01/08 v3.1.5b (3.1.5b)

("D:\Program Files (x86)\LateX\tex/generic/pgf/systemlayer\pgfsys-common-pdf.de
f"
File: pgfsys-common-pdf.def 2020/01/08 v3.1.5b (3.1.5b)
)))
("D:\Program Files (x86)\LateX\tex/generic/pgf/systemlayer\pgfsyssoftpath.code.
tex"
File: pgfsyssoftpath.code.tex 2020/01/08 v3.1.5b (3.1.5b)
\pgfsyssoftpath@smallbuffer@items=\count273
\pgfsyssoftpath@bigbuffer@items=\count274
)
("D:\Program Files (x86)\LateX\tex/generic/pgf/systemlayer\pgfsysprotocol.code.
tex"
File: pgfsysprotocol.code.tex 2020/01/08 v3.1.5b (3.1.5b)
)) ("D:\Program Files (x86)\LateX\tex/latex/xcolor\xcolor.sty"
Package: xcolor 2016/05/11 v2.12 LaTeX color extensions (UK)
("D:\Program Files (x86)\LateX\tex/latex/graphics-cfg\color.cfg"
File: color.cfg 2016/01/02 v1.6 sample color configuration
)
Package xcolor Info: Driver file: pdftex.def on input line 225.
Package xcolor Info: Model `cmy' substituted by `cmy0' on input line 1348.
Package xcolor Info: Model `hsb' substituted by `rgb' on input line 1352.
Package xcolor Info: Model `RGB' extended on input line 1364.
Package xcolor Info: Model `HTML' substituted by `rgb' on input line 1366.
Package xcolor Info: Model `Hsb' substituted by `hsb' on input line 1367.
Package xcolor Info: Model `tHsb' substituted by `hsb' on input line 1368.
Package xcolor Info: Model `HSB' substituted by `hsb' on input line 1369.
Package xcolor Info: Model `Gray' substituted by `gray' on input line 1370.
Package xcolor Info: Model `wave' substituted by `hsb' on input line 1371.
) ("D:\Program Files (x86)\LateX\tex/generic/pgf/basiclayer\pgfcore.code.tex"
Package: pgfcore 2020/01/08 v3.1.5b (3.1.5b)
("D:\Program Files (x86)\LateX\tex/generic/pgf/math\pgfmath.code.tex") ("D:\Pro
gram Files (x86)\LateX\tex/generic/pgf/math\pgfint.code.tex")
("D:\Program Files (x86)\LateX\tex/generic/pgf/basiclayer\pgfcorepoints.code.te
x"
File: pgfcorepoints.code.tex 2020/01/08 v3.1.5b (3.1.5b)
\pgf@picminx=\dimen181
\pgf@picmaxx=\dimen182
\pgf@picminy=\dimen183
\pgf@picmaxy=\dimen184
\pgf@pathminx=\dimen185
\pgf@pathmaxx=\dimen186
\pgf@pathminy=\dimen187
\pgf@pathmaxy=\dimen188
\pgf@xx=\dimen189
\pgf@xy=\dimen190
\pgf@yx=\dimen191
\pgf@yy=\dimen192
\pgf@zx=\dimen193
\pgf@zy=\dimen194
)
("D:\Program Files (x86)\LateX\tex/generic/pgf/basiclayer\pgfcorepathconstruct.
code.tex"
File: pgfcorepathconstruct.code.tex 2020/01/08 v3.1.5b (3.1.5b)
\pgf@path@lastx=\dimen195
\pgf@path@lasty=\dimen196
)
("D:\Program Files (x86)\LateX\tex/generic/pgf/basiclayer\pgfcorepathusage.code
.tex"
File: pgfcorepathusage.code.tex 2020/01/08 v3.1.5b (3.1.5b)
\pgf@shorten@end@additional=\dimen197
\pgf@shorten@start@additional=\dimen198
)
("D:\Program Files (x86)\LateX\tex/generic/pgf/basiclayer\pgfcorescopes.code.te
x"
File: pgfcorescopes.code.tex 2020/01/08 v3.1.5b (3.1.5b)
\pgfpic=\box56
\pgf@hbox=\box57
\pgf@layerbox@main=\box58
\pgf@picture@serial@count=\count275
)
("D:\Program Files (x86)\LateX\tex/generic/pgf/basiclayer\pgfcoregraphicstate.c
ode.tex"
File: pgfcoregraphicstate.code.tex 2020/01/08 v3.1.5b (3.1.5b)
\pgflinewidth=\dimen199
)
("D:\Program Files (x86)\LateX\tex/generic/pgf/basiclayer\pgfcoretransformation
s.code.tex"
File: pgfcoretransformations.code.tex 2020/01/08 v3.1.5b (3.1.5b)
\pgf@pt@x=\dimen256
\pgf@pt@y=\dimen257
\pgf@pt@temp=\dimen258
) ("D:\Program Files (x86)\LateX\tex/generic/pgf/basiclayer\pgfcorequick.code.t
ex"
File: pgfcorequick.code.tex 2020/01/08 v3.1.5b (3.1.5b)
)
("D:\Program Files (x86)\LateX\tex/generic/pgf/basiclayer\pgfcoreobjects.code.t
ex"
File: pgfcoreobjects.code.tex 2020/01/08 v3.1.5b (3.1.5b)
)
("D:\Program Files (x86)\LateX\tex/generic/pgf/basiclayer\pgfcorepathprocessing
.code.tex"
File: pgfcorepathprocessing.code.tex 2020/01/08 v3.1.5b (3.1.5b)
)
("D:\Program Files (x86)\LateX\tex/generic/pgf/basiclayer\pgfcorearrows.code.te
x"
File: pgfcorearrows.code.tex 2020/01/08 v3.1.5b (3.1.5b)
\pgfarrowsep=\dimen259
) ("D:\Program Files (x86)\LateX\tex/generic/pgf/basiclayer\pgfcoreshade.code.t
ex"
File: pgfcoreshade.code.tex 2020/01/08 v3.1.5b (3.1.5b)
\pgf@max=\dimen260
\pgf@sys@shading@range@num=\count276
\pgf@shadingcount=\count277
) ("D:\Program Files (x86)\LateX\tex/generic/pgf/basiclayer\pgfcoreimage.code.t
ex"
File: pgfcoreimage.code.tex 2020/01/08 v3.1.5b (3.1.5b)

("D:\Program Files (x86)\LateX\tex/generic/pgf/basiclayer\pgfcoreexternal.code.
tex"
File: pgfcoreexternal.code.tex 2020/01/08 v3.1.5b (3.1.5b)
\pgfexternal@startupbox=\box59
))
("D:\Program Files (x86)\LateX\tex/generic/pgf/basiclayer\pgfcorelayers.code.te
x"
File: pgfcorelayers.code.tex 2020/01/08 v3.1.5b (3.1.5b)
)
("D:\Program Files (x86)\LateX\tex/generic/pgf/basiclayer\pgfcoretransparency.c
ode.tex"
File: pgfcoretransparency.code.tex 2020/01/08 v3.1.5b (3.1.5b)
)
("D:\Program Files (x86)\LateX\tex/generic/pgf/basiclayer\pgfcorepatterns.code.
tex"
File: pgfcorepatterns.code.tex 2020/01/08 v3.1.5b (3.1.5b)
) ("D:\Program Files (x86)\LateX\tex/generic/pgf/basiclayer\pgfcorerdf.code.tex
"
File: pgfcorerdf.code.tex 2020/01/08 v3.1.5b (3.1.5b)
))) ("D:\Program Files (x86)\LateX\tex/latex/pgf/utilities\xxcolor.sty"
Package: xxcolor 2003/10/24 ver 0.1
\XC@nummixins=\count278
\XC@countmixins=\count279
) ("D:\Program Files (x86)\LateX\tex/generic/atbegshi\atbegshi.sty"
Package: atbegshi 2019/12/05 v1.19 At begin shipout hook (HO)
("D:\Program Files (x86)\LateX\tex/generic/infwarerr\infwarerr.sty"
Package: infwarerr 2019/12/03 v1.5 Providing info/warning/error messages (HO)
) ("D:\Program Files (x86)\LateX\tex/generic/ltxcmds\ltxcmds.sty"
Package: ltxcmds 2020-05-10 v1.25 LaTeX kernel commands for general use (HO)
)) ("D:\Program Files (x86)\LateX\tex/latex/hyperref\hyperref.sty"
Package: hyperref 2020-05-15 v7.00e Hypertext links for LaTeX
("D:\Program Files (x86)\LateX\tex/generic/pdftexcmds\pdftexcmds.sty"
Package: pdftexcmds 2020-06-27 v0.33 Utility functions of pdfTeX for LuaTeX (HO
)
Package pdftexcmds Info: \pdf@primitive is available.
Package pdftexcmds Info: \pdf@ifprimitive is available.
Package pdftexcmds Info: \pdfdraftmode found.
)

! Sorry, but "D:\Program Files (x86)\LateX\miktex\bin\x64\pdflatex.exe" did not succeed.

! The log file hopefully contains the information to get MiKTeX going again:

!   C:\Users\HK\AppData\Local\MiKTeX\miktex\log\pdflatex.log
! pdflatex: major issue: So far, you have not checked for MiKTeX updates.
